Copyright 1986-2022 Xilinx, Inc. All Rights Reserved.
------------------------------------------------------------------------------------------------------------------------------------------------------------------------------------------------------------------------------------------------
| Tool Version : Vivado v.2022.1 (win64) Build 3526262 Mon Apr 18 15:48:16 MDT 2022
| Date         : Wed Oct  5 13:05:25 2022
| Host         : LAPTOP-4970DKBC running 64-bit major release  (build 9200)
| Command      : report_timing_summary -max_paths 10 -report_unconstrained -file JudgePanel_Module_timing_summary_routed.rpt -pb JudgePanel_Module_timing_summary_routed.pb -rpx JudgePanel_Module_timing_summary_routed.rpx -warn_on_violation
| Design       : JudgePanel_Module
| Device       : 7a35t-cpg236
| Speed File   : -1  PRODUCTION 1.23 2018-06-13
------------------------------------------------------------------------------------------------------------------------------------------------------------------------------------------------------------------------------------------------

Timing Summary Report

------------------------------------------------------------------------------------------------
| Timer Settings
| --------------
------------------------------------------------------------------------------------------------

  Enable Multi Corner Analysis               :  Yes
  Enable Pessimism Removal                   :  Yes
  Pessimism Removal Resolution               :  Nearest Common Node
  Enable Input Delay Default Clock           :  No
  Enable Preset / Clear Arcs                 :  No
  Disable Flight Delays                      :  No
  Ignore I/O Paths                           :  No
  Timing Early Launch at Borrowing Latches   :  No
  Borrow Time for Max Delay Exceptions       :  Yes
  Merge Timing Exceptions                    :  Yes

  Corner  Analyze    Analyze    
  Name    Max Paths  Min Paths  
  ------  ---------  ---------  
  Slow    Yes        Yes        
  Fast    Yes        Yes        


------------------------------------------------------------------------------------------------
| Report Methodology
| ------------------
------------------------------------------------------------------------------------------------

Rule  Severity  Description  Violations  
----  --------  -----------  ----------  

Note: This report is based on the most recent report_methodology run and may not be up-to-date. Run report_methodology on the current design for the latest report.



check_timing report

Table of Contents
-----------------
1. checking no_clock (0)
2. checking constant_clock (0)
3. checking pulse_width_clock (0)
4. checking unconstrained_internal_endpoints (0)
5. checking no_input_delay (0)
6. checking no_output_delay (0)
7. checking multiple_clock (0)
8. checking generated_clocks (0)
9. checking loops (0)
10. checking partial_input_delay (0)
11. checking partial_output_delay (0)
12. checking latch_loops (0)

1. checking no_clock (0)
------------------------
 There are 0 register/latch pins with no clock.


2. checking constant_clock (0)
------------------------------
 There are 0 register/latch pins with constant_clock.


3. checking pulse_width_clock (0)
---------------------------------
 There are 0 register/latch pins which need pulse_width check


4. checking unconstrained_internal_endpoints (0)
------------------------------------------------
 There are 0 pins that are not constrained for maximum delay.

 There are 0 pins that are not constrained for maximum delay due to constant clock.


5. checking no_input_delay (0)
------------------------------
 There are 0 input ports with no input delay specified.

 There are 0 input ports with no input delay but user has a false path constraint.


6. checking no_output_delay (0)
-------------------------------
 There are 0 ports with no output delay specified.

 There are 0 ports with no output delay but user has a false path constraint

 There are 0 ports with no output delay but with a timing clock defined on it or propagating through it


7. checking multiple_clock (0)
------------------------------
 There are 0 register/latch pins with multiple clocks.


8. checking generated_clocks (0)
--------------------------------
 There are 0 generated clocks that are not connected to a clock source.


9. checking loops (0)
---------------------
 There are 0 combinational loops in the design.


10. checking partial_input_delay (0)
------------------------------------
 There are 0 input ports with partial input delay specified.


11. checking partial_output_delay (0)
-------------------------------------
 There are 0 ports with partial output delay specified.


12. checking latch_loops (0)
----------------------------
 There are 0 combinational latch loops in the design through latch input



------------------------------------------------------------------------------------------------
| Design Timing Summary
| ---------------------
------------------------------------------------------------------------------------------------

    WNS(ns)      TNS(ns)  TNS Failing Endpoints  TNS Total Endpoints      WHS(ns)      THS(ns)  THS Failing Endpoints  THS Total Endpoints     WPWS(ns)     TPWS(ns)  TPWS Failing Endpoints  TPWS Total Endpoints  
    -------      -------  ---------------------  -------------------      -------      -------  ---------------------  -------------------     --------     --------  ----------------------  --------------------  
        inf        0.000                      0                    2          inf        0.000                      0                    2           NA           NA                      NA                    NA  


There are no user specified timing constraints.


------------------------------------------------------------------------------------------------
| Clock Summary
| -------------
------------------------------------------------------------------------------------------------


------------------------------------------------------------------------------------------------
| Intra Clock Table
| -----------------
------------------------------------------------------------------------------------------------

Clock             WNS(ns)      TNS(ns)  TNS Failing Endpoints  TNS Total Endpoints      WHS(ns)      THS(ns)  THS Failing Endpoints  THS Total Endpoints     WPWS(ns)     TPWS(ns)  TPWS Failing Endpoints  TPWS Total Endpoints  
-----             -------      -------  ---------------------  -------------------      -------      -------  ---------------------  -------------------     --------     --------  ----------------------  --------------------  


------------------------------------------------------------------------------------------------
| Inter Clock Table
| -----------------
------------------------------------------------------------------------------------------------

From Clock    To Clock          WNS(ns)      TNS(ns)  TNS Failing Endpoints  TNS Total Endpoints      WHS(ns)      THS(ns)  THS Failing Endpoints  THS Total Endpoints  
----------    --------          -------      -------  ---------------------  -------------------      -------      -------  ---------------------  -------------------  


------------------------------------------------------------------------------------------------
| Other Path Groups Table
| -----------------------
------------------------------------------------------------------------------------------------

Path Group    From Clock    To Clock          WNS(ns)      TNS(ns)  TNS Failing Endpoints  TNS Total Endpoints      WHS(ns)      THS(ns)  THS Failing Endpoints  THS Total Endpoints  
----------    ----------    --------          -------      -------  ---------------------  -------------------      -------      -------  ---------------------  -------------------  


------------------------------------------------------------------------------------------------
| User Ignored Path Table
| -----------------------
------------------------------------------------------------------------------------------------

Path Group    From Clock    To Clock    
----------    ----------    --------    


------------------------------------------------------------------------------------------------
| Unconstrained Path Table
| ------------------------
------------------------------------------------------------------------------------------------

Path Group    From Clock    To Clock    
----------    ----------    --------    
(none)                                    


------------------------------------------------------------------------------------------------
| Timing Details
| --------------
------------------------------------------------------------------------------------------------


--------------------------------------------------------------------------------------
Path Group:  (none)
From Clock:  
  To Clock:  

Max Delay             2 Endpoints
Min Delay             2 Endpoints
--------------------------------------------------------------------------------------


Max Delay Paths
--------------------------------------------------------------------------------------
Slack:                    inf
  Source:                 J1
                            (input port)
  Destination:            P
                            (output port)
  Path Group:             (none)
  Path Type:              Max at Slow Process Corner
  Data Path Delay:        12.355ns  (logic 5.096ns (41.248%)  route 7.259ns (58.752%))
  Logic Levels:           3  (IBUF=1 LUT5=1 OBUF=1)

    Location             Delay type                Incr(ns)  Path(ns)    Netlist Resource(s)
  -------------------------------------------------------------------    -------------------
    W15                                               0.000     0.000 r  J1 (IN)
                         net (fo=0)                   0.000     0.000    J1
    W15                  IBUF (Prop_ibuf_I_O)         1.451     1.451 r  J1_IBUF_inst/O
                         net (fo=2, routed)           1.435     2.886    J1_IBUF
    SLICE_X0Y10          LUT5 (Prop_lut5_I0_O)        0.124     3.010 r  P_OBUF_inst_i_1/O
                         net (fo=1, routed)           5.823     8.834    P_OBUF
    L1                   OBUF (Prop_obuf_I_O)         3.521    12.355 r  P_OBUF_inst/O
                         net (fo=0)                   0.000    12.355    P
    L1                                                                r  P (OUT)
  -------------------------------------------------------------------    -------------------

Slack:                    inf
  Source:                 J1
                            (input port)
  Destination:            F
                            (output port)
  Path Group:             (none)
  Path Type:              Max at Slow Process Corner
  Data Path Delay:        8.623ns  (logic 5.310ns (61.575%)  route 3.313ns (38.425%))
  Logic Levels:           3  (IBUF=1 LUT5=1 OBUF=1)

    Location             Delay type                Incr(ns)  Path(ns)    Netlist Resource(s)
  -------------------------------------------------------------------    -------------------
    W15                                               0.000     0.000 f  J1 (IN)
                         net (fo=0)                   0.000     0.000    J1
    W15                  IBUF (Prop_ibuf_I_O)         1.451     1.451 f  J1_IBUF_inst/O
                         net (fo=2, routed)           1.435     2.886    J1_IBUF
    SLICE_X0Y10          LUT5 (Prop_lut5_I0_O)        0.152     3.038 r  F_OBUF_inst_i_1/O
                         net (fo=1, routed)           1.878     4.916    F_OBUF
    U16                  OBUF (Prop_obuf_I_O)         3.707     8.623 r  F_OBUF_inst/O
                         net (fo=0)                   0.000     8.623    F
    U16                                                               r  F (OUT)
  -------------------------------------------------------------------    -------------------





Min Delay Paths
--------------------------------------------------------------------------------------
Slack:                    inf
  Source:                 J3
                            (input port)
  Destination:            F
                            (output port)
  Path Group:             (none)
  Path Type:              Min at Fast Process Corner
  Data Path Delay:        2.298ns  (logic 1.548ns (67.339%)  route 0.751ns (32.661%))
  Logic Levels:           3  (IBUF=1 LUT5=1 OBUF=1)

    Location             Delay type                Incr(ns)  Path(ns)    Netlist Resource(s)
  -------------------------------------------------------------------    -------------------
    W16                                               0.000     0.000 f  J3 (IN)
                         net (fo=0)                   0.000     0.000    J3
    W16                  IBUF (Prop_ibuf_I_O)         0.232     0.232 f  J3_IBUF_inst/O
                         net (fo=2, routed)           0.335     0.567    J3_IBUF
    SLICE_X0Y10          LUT5 (Prop_lut5_I2_O)        0.048     0.615 r  F_OBUF_inst_i_1/O
                         net (fo=1, routed)           0.416     1.030    F_OBUF
    U16                  OBUF (Prop_obuf_I_O)         1.268     2.298 r  F_OBUF_inst/O
                         net (fo=0)                   0.000     2.298    F
    U16                                                               r  F (OUT)
  -------------------------------------------------------------------    -------------------

Slack:                    inf
  Source:                 J3
                            (input port)
  Destination:            P
                            (output port)
  Path Group:             (none)
  Path Type:              Min at Fast Process Corner
  Data Path Delay:        4.187ns  (logic 1.499ns (35.803%)  route 2.688ns (64.197%))
  Logic Levels:           3  (IBUF=1 LUT5=1 OBUF=1)

    Location             Delay type                Incr(ns)  Path(ns)    Netlist Resource(s)
  -------------------------------------------------------------------    -------------------
    W16                                               0.000     0.000 r  J3 (IN)
                         net (fo=0)                   0.000     0.000    J3
    W16                  IBUF (Prop_ibuf_I_O)         0.232     0.232 r  J3_IBUF_inst/O
                         net (fo=2, routed)           0.335     0.567    J3_IBUF
    SLICE_X0Y10          LUT5 (Prop_lut5_I3_O)        0.045     0.612 r  P_OBUF_inst_i_1/O
                         net (fo=1, routed)           2.354     2.965    P_OBUF
    L1                   OBUF (Prop_obuf_I_O)         1.222     4.187 r  P_OBUF_inst/O
                         net (fo=0)                   0.000     4.187    P
    L1                                                                r  P (OUT)
  -------------------------------------------------------------------    -------------------





