Copyright 1986-2022 Xilinx, Inc. All Rights Reserved.
------------------------------------------------------------------------------------------------------------------------------------------------------------------------------------------------------------------------------------------
| Tool Version : Vivado v.2022.1 (win64) Build 3526262 Mon Apr 18 15:48:16 MDT 2022
| Date         : Tue Sep 27 10:50:31 2022
| Host         : LAPTOP-4970DKBC running 64-bit major release  (build 9200)
| Command      : report_timing_summary -max_paths 10 -report_unconstrained -file SchematicModule_timing_summary_routed.rpt -pb SchematicModule_timing_summary_routed.pb -rpx SchematicModule_timing_summary_routed.rpx -warn_on_violation
| Design       : SchematicModule
| Device       : 7a35t-cpg236
| Speed File   : -1  PRODUCTION 1.23 2018-06-13
------------------------------------------------------------------------------------------------------------------------------------------------------------------------------------------------------------------------------------------

Timing Summary Report

------------------------------------------------------------------------------------------------
| Timer Settings
| --------------
------------------------------------------------------------------------------------------------

  Enable Multi Corner Analysis               :  Yes
  Enable Pessimism Removal                   :  Yes
  Pessimism Removal Resolution               :  Nearest Common Node
  Enable Input Delay Default Clock           :  No
  Enable Preset / Clear Arcs                 :  No
  Disable Flight Delays                      :  No
  Ignore I/O Paths                           :  No
  Timing Early Launch at Borrowing Latches   :  No
  Borrow Time for Max Delay Exceptions       :  Yes
  Merge Timing Exceptions                    :  Yes

  Corner  Analyze    Analyze    
  Name    Max Paths  Min Paths  
  ------  ---------  ---------  
  Slow    Yes        Yes        
  Fast    Yes        Yes        


------------------------------------------------------------------------------------------------
| Report Methodology
| ------------------
------------------------------------------------------------------------------------------------

Rule  Severity  Description  Violations  
----  --------  -----------  ----------  

Note: This report is based on the most recent report_methodology run and may not be up-to-date. Run report_methodology on the current design for the latest report.



check_timing report

Table of Contents
-----------------
1. checking no_clock (0)
2. checking constant_clock (0)
3. checking pulse_width_clock (0)
4. checking unconstrained_internal_endpoints (0)
5. checking no_input_delay (0)
6. checking no_output_delay (0)
7. checking multiple_clock (0)
8. checking generated_clocks (0)
9. checking loops (0)
10. checking partial_input_delay (0)
11. checking partial_output_delay (0)
12. checking latch_loops (0)

1. checking no_clock (0)
------------------------
 There are 0 register/latch pins with no clock.


2. checking constant_clock (0)
------------------------------
 There are 0 register/latch pins with constant_clock.


3. checking pulse_width_clock (0)
---------------------------------
 There are 0 register/latch pins which need pulse_width check


4. checking unconstrained_internal_endpoints (0)
------------------------------------------------
 There are 0 pins that are not constrained for maximum delay.

 There are 0 pins that are not constrained for maximum delay due to constant clock.


5. checking no_input_delay (0)
------------------------------
 There are 0 input ports with no input delay specified.

 There are 0 input ports with no input delay but user has a false path constraint.


6. checking no_output_delay (0)
-------------------------------
 There are 0 ports with no output delay specified.

 There are 0 ports with no output delay but user has a false path constraint

 There are 0 ports with no output delay but with a timing clock defined on it or propagating through it


7. checking multiple_clock (0)
------------------------------
 There are 0 register/latch pins with multiple clocks.


8. checking generated_clocks (0)
--------------------------------
 There are 0 generated clocks that are not connected to a clock source.


9. checking loops (0)
---------------------
 There are 0 combinational loops in the design.


10. checking partial_input_delay (0)
------------------------------------
 There are 0 input ports with partial input delay specified.


11. checking partial_output_delay (0)
-------------------------------------
 There are 0 ports with partial output delay specified.


12. checking latch_loops (0)
----------------------------
 There are 0 combinational latch loops in the design through latch input



------------------------------------------------------------------------------------------------
| Design Timing Summary
| ---------------------
------------------------------------------------------------------------------------------------

    WNS(ns)      TNS(ns)  TNS Failing Endpoints  TNS Total Endpoints      WHS(ns)      THS(ns)  THS Failing Endpoints  THS Total Endpoints     WPWS(ns)     TPWS(ns)  TPWS Failing Endpoints  TPWS Total Endpoints  
    -------      -------  ---------------------  -------------------      -------      -------  ---------------------  -------------------     --------     --------  ----------------------  --------------------  
        inf        0.000                      0                    3          inf        0.000                      0                    3           NA           NA                      NA                    NA  


There are no user specified timing constraints.


------------------------------------------------------------------------------------------------
| Clock Summary
| -------------
------------------------------------------------------------------------------------------------


------------------------------------------------------------------------------------------------
| Intra Clock Table
| -----------------
------------------------------------------------------------------------------------------------

Clock             WNS(ns)      TNS(ns)  TNS Failing Endpoints  TNS Total Endpoints      WHS(ns)      THS(ns)  THS Failing Endpoints  THS Total Endpoints     WPWS(ns)     TPWS(ns)  TPWS Failing Endpoints  TPWS Total Endpoints  
-----             -------      -------  ---------------------  -------------------      -------      -------  ---------------------  -------------------     --------     --------  ----------------------  --------------------  


------------------------------------------------------------------------------------------------
| Inter Clock Table
| -----------------
------------------------------------------------------------------------------------------------

From Clock    To Clock          WNS(ns)      TNS(ns)  TNS Failing Endpoints  TNS Total Endpoints      WHS(ns)      THS(ns)  THS Failing Endpoints  THS Total Endpoints  
----------    --------          -------      -------  ---------------------  -------------------      -------      -------  ---------------------  -------------------  


------------------------------------------------------------------------------------------------
| Other Path Groups Table
| -----------------------
------------------------------------------------------------------------------------------------

Path Group    From Clock    To Clock          WNS(ns)      TNS(ns)  TNS Failing Endpoints  TNS Total Endpoints      WHS(ns)      THS(ns)  THS Failing Endpoints  THS Total Endpoints  
----------    ----------    --------          -------      -------  ---------------------  -------------------      -------      -------  ---------------------  -------------------  


------------------------------------------------------------------------------------------------
| User Ignored Path Table
| -----------------------
------------------------------------------------------------------------------------------------

Path Group    From Clock    To Clock    
----------    ----------    --------    


------------------------------------------------------------------------------------------------
| Unconstrained Path Table
| ------------------------
------------------------------------------------------------------------------------------------

Path Group    From Clock    To Clock    
----------    ----------    --------    
(none)                                    


------------------------------------------------------------------------------------------------
| Timing Details
| --------------
------------------------------------------------------------------------------------------------


--------------------------------------------------------------------------------------
Path Group:  (none)
From Clock:  
  To Clock:  

Max Delay             3 Endpoints
Min Delay             3 Endpoints
--------------------------------------------------------------------------------------


Max Delay Paths
--------------------------------------------------------------------------------------
Slack:                    inf
  Source:                 A
                            (input port)
  Destination:            Y
                            (output port)
  Path Group:             (none)
  Path Type:              Max at Slow Process Corner
  Data Path Delay:        9.177ns  (logic 5.102ns (55.599%)  route 4.075ns (44.401%))
  Logic Levels:           3  (IBUF=1 LUT4=1 OBUF=1)

    Location             Delay type                Incr(ns)  Path(ns)    Netlist Resource(s)
  -------------------------------------------------------------------    -------------------
    W17                                               0.000     0.000 f  A (IN)
                         net (fo=0)                   0.000     0.000    A
    W17                  IBUF (Prop_ibuf_I_O)         1.448     1.448 f  A_IBUF_inst/O
                         net (fo=2, routed)           1.497     2.946    A_IBUF
    SLICE_X0Y11          LUT4 (Prop_lut4_I3_O)        0.124     3.070 r  Y_OBUF_inst_i_1/O
                         net (fo=1, routed)           2.577     5.647    Y_OBUF
    E19                  OBUF (Prop_obuf_I_O)         3.530     9.177 r  Y_OBUF_inst/O
                         net (fo=0)                   0.000     9.177    Y
    E19                                                               r  Y (OUT)
  -------------------------------------------------------------------    -------------------

Slack:                    inf
  Source:                 A
                            (input port)
  Destination:            X
                            (output port)
  Path Group:             (none)
  Path Type:              Max at Slow Process Corner
  Data Path Delay:        8.721ns  (logic 5.307ns (60.854%)  route 3.414ns (39.146%))
  Logic Levels:           3  (IBUF=1 LUT3=1 OBUF=1)

    Location             Delay type                Incr(ns)  Path(ns)    Netlist Resource(s)
  -------------------------------------------------------------------    -------------------
    W17                                               0.000     0.000 f  A (IN)
                         net (fo=0)                   0.000     0.000    A
    W17                  IBUF (Prop_ibuf_I_O)         1.448     1.448 f  A_IBUF_inst/O
                         net (fo=2, routed)           1.497     2.946    A_IBUF
    SLICE_X0Y11          LUT3 (Prop_lut3_I1_O)        0.152     3.098 r  X_OBUF_inst_i_1/O
                         net (fo=1, routed)           1.917     5.015    X_OBUF
    U16                  OBUF (Prop_obuf_I_O)         3.707     8.721 r  X_OBUF_inst/O
                         net (fo=0)                   0.000     8.721    X
    U16                                                               r  X (OUT)
  -------------------------------------------------------------------    -------------------

Slack:                    inf
  Source:                 B
                            (input port)
  Destination:            Z
                            (output port)
  Path Group:             (none)
  Path Type:              Max at Slow Process Corner
  Data Path Delay:        8.088ns  (logic 5.089ns (62.917%)  route 2.999ns (37.083%))
  Logic Levels:           3  (IBUF=1 LUT2=1 OBUF=1)

    Location             Delay type                Incr(ns)  Path(ns)    Netlist Resource(s)
  -------------------------------------------------------------------    -------------------
    W16                                               0.000     0.000 f  B (IN)
                         net (fo=0)                   0.000     0.000    B
    W16                  IBUF (Prop_ibuf_I_O)         1.464     1.464 f  B_IBUF_inst/O
                         net (fo=2, routed)           1.132     2.596    B_IBUF
    SLICE_X0Y12          LUT2 (Prop_lut2_I1_O)        0.124     2.720 r  Z_OBUF_inst_i_1/O
                         net (fo=1, routed)           1.867     4.587    Z_OBUF
    U19                  OBUF (Prop_obuf_I_O)         3.501     8.088 r  Z_OBUF_inst/O
                         net (fo=0)                   0.000     8.088    Z
    U19                                                               r  Z (OUT)
  -------------------------------------------------------------------    -------------------





Min Delay Paths
--------------------------------------------------------------------------------------
Slack:                    inf
  Source:                 D
                            (input port)
  Destination:            X
                            (output port)
  Path Group:             (none)
  Path Type:              Min at Fast Process Corner
  Data Path Delay:        2.313ns  (logic 1.537ns (66.431%)  route 0.777ns (33.569%))
  Logic Levels:           3  (IBUF=1 LUT3=1 OBUF=1)

    Location             Delay type                Incr(ns)  Path(ns)    Netlist Resource(s)
  -------------------------------------------------------------------    -------------------
    V17                                               0.000     0.000 f  D (IN)
                         net (fo=0)                   0.000     0.000    D
    V17                  IBUF (Prop_ibuf_I_O)         0.221     0.221 f  D_IBUF_inst/O
                         net (fo=2, routed)           0.335     0.556    D_IBUF
    SLICE_X0Y11          LUT3 (Prop_lut3_I2_O)        0.048     0.604 r  X_OBUF_inst_i_1/O
                         net (fo=1, routed)           0.442     1.046    X_OBUF
    U16                  OBUF (Prop_obuf_I_O)         1.268     2.313 r  X_OBUF_inst/O
                         net (fo=0)                   0.000     2.313    X
    U16                                                               r  X (OUT)
  -------------------------------------------------------------------    -------------------

Slack:                    inf
  Source:                 C
                            (input port)
  Destination:            Z
                            (output port)
  Path Group:             (none)
  Path Type:              Min at Fast Process Corner
  Data Path Delay:        2.322ns  (logic 1.476ns (63.577%)  route 0.846ns (36.423%))
  Logic Levels:           3  (IBUF=1 LUT2=1 OBUF=1)

    Location             Delay type                Incr(ns)  Path(ns)    Netlist Resource(s)
  -------------------------------------------------------------------    -------------------
    V16                                               0.000     0.000 f  C (IN)
                         net (fo=0)                   0.000     0.000    C
    V16                  IBUF (Prop_ibuf_I_O)         0.229     0.229 f  C_IBUF_inst/O
                         net (fo=3, routed)           0.421     0.650    C_IBUF
    SLICE_X0Y12          LUT2 (Prop_lut2_I0_O)        0.045     0.695 r  Z_OBUF_inst_i_1/O
                         net (fo=1, routed)           0.425     1.120    Z_OBUF
    U19                  OBUF (Prop_obuf_I_O)         1.202     2.322 r  Z_OBUF_inst/O
                         net (fo=0)                   0.000     2.322    Z
    U19                                                               r  Z (OUT)
  -------------------------------------------------------------------    -------------------

Slack:                    inf
  Source:                 D
                            (input port)
  Destination:            Y
                            (output port)
  Path Group:             (none)
  Path Type:              Min at Fast Process Corner
  Data Path Delay:        2.529ns  (logic 1.497ns (59.183%)  route 1.032ns (40.817%))
  Logic Levels:           3  (IBUF=1 LUT4=1 OBUF=1)

    Location             Delay type                Incr(ns)  Path(ns)    Netlist Resource(s)
  -------------------------------------------------------------------    -------------------
    V17                                               0.000     0.000 r  D (IN)
                         net (fo=0)                   0.000     0.000    D
    V17                  IBUF (Prop_ibuf_I_O)         0.221     0.221 r  D_IBUF_inst/O
                         net (fo=2, routed)           0.335     0.556    D_IBUF
    SLICE_X0Y11          LUT4 (Prop_lut4_I2_O)        0.045     0.601 r  Y_OBUF_inst_i_1/O
                         net (fo=1, routed)           0.697     1.298    Y_OBUF
    E19                  OBUF (Prop_obuf_I_O)         1.231     2.529 r  Y_OBUF_inst/O
                         net (fo=0)                   0.000     2.529    Y
    E19                                                               r  Y (OUT)
  -------------------------------------------------------------------    -------------------





